Determining if the function crc32c_value exists in the crc32c failed with the following output:
Change Dir: /home/meggie/文档/uppernvm/build/CMakeFiles/CMakeTmp

Run Build Command:"/usr/bin/make" "cmTC_c6ebe/fast"
/usr/bin/make -f CMakeFiles/cmTC_c6ebe.dir/build.make CMakeFiles/cmTC_c6ebe.dir/build
make[1]: Entering directory '/home/meggie/文档/uppernvm/build/CMakeFiles/CMakeTmp'
Building C object CMakeFiles/cmTC_c6ebe.dir/CheckFunctionExists.c.o
/usr/bin/cc   -DCHECK_FUNCTION_EXISTS=crc32c_value   -std=c11 -o CMakeFiles/cmTC_c6ebe.dir/CheckFunctionExists.c.o   -c /usr/local/share/cmake-3.9/Modules/CheckFunctionExists.c
Linking C executable cmTC_c6ebe
/usr/local/bin/cmake -E cmake_link_script CMakeFiles/cmTC_c6ebe.dir/link.txt --verbose=1
/usr/bin/cc  -DCHECK_FUNCTION_EXISTS=crc32c_value    CMakeFiles/cmTC_c6ebe.dir/CheckFunctionExists.c.o  -o cmTC_c6ebe -lcrc32c 
/usr/bin/ld: 找不到 -lcrc32c
collect2: error: ld returned 1 exit status
CMakeFiles/cmTC_c6ebe.dir/build.make:97: recipe for target 'cmTC_c6ebe' failed
make[1]: *** [cmTC_c6ebe] Error 1
make[1]: Leaving directory '/home/meggie/文档/uppernvm/build/CMakeFiles/CMakeTmp'
Makefile:126: recipe for target 'cmTC_c6ebe/fast' failed
make: *** [cmTC_c6ebe/fast] Error 2


Determining if the function snappy_compress exists in the snappy failed with the following output:
Change Dir: /home/meggie/文档/uppernvm/build/CMakeFiles/CMakeTmp

Run Build Command:"/usr/bin/make" "cmTC_63660/fast"
/usr/bin/make -f CMakeFiles/cmTC_63660.dir/build.make CMakeFiles/cmTC_63660.dir/build
make[1]: Entering directory '/home/meggie/文档/uppernvm/build/CMakeFiles/CMakeTmp'
Building C object CMakeFiles/cmTC_63660.dir/CheckFunctionExists.c.o
/usr/bin/cc   -DCHECK_FUNCTION_EXISTS=snappy_compress   -std=c11 -o CMakeFiles/cmTC_63660.dir/CheckFunctionExists.c.o   -c /usr/local/share/cmake-3.9/Modules/CheckFunctionExists.c
Linking C executable cmTC_63660
/usr/local/bin/cmake -E cmake_link_script CMakeFiles/cmTC_63660.dir/link.txt --verbose=1
/usr/bin/cc  -DCHECK_FUNCTION_EXISTS=snappy_compress    CMakeFiles/cmTC_63660.dir/CheckFunctionExists.c.o  -o cmTC_63660 -lsnappy 
/usr/bin/ld: 找不到 -lsnappy
collect2: error: ld returned 1 exit status
CMakeFiles/cmTC_63660.dir/build.make:97: recipe for target 'cmTC_63660' failed
make[1]: *** [cmTC_63660] Error 1
make[1]: Leaving directory '/home/meggie/文档/uppernvm/build/CMakeFiles/CMakeTmp'
Makefile:126: recipe for target 'cmTC_63660/fast' failed
make: *** [cmTC_63660/fast] Error 2


Determining if the function malloc exists in the tcmalloc failed with the following output:
Change Dir: /home/meggie/文档/uppernvm/build/CMakeFiles/CMakeTmp

Run Build Command:"/usr/bin/make" "cmTC_b003e/fast"
/usr/bin/make -f CMakeFiles/cmTC_b003e.dir/build.make CMakeFiles/cmTC_b003e.dir/build
make[1]: Entering directory '/home/meggie/文档/uppernvm/build/CMakeFiles/CMakeTmp'
Building C object CMakeFiles/cmTC_b003e.dir/CheckFunctionExists.c.o
/usr/bin/cc   -DCHECK_FUNCTION_EXISTS=malloc   -std=c11 -o CMakeFiles/cmTC_b003e.dir/CheckFunctionExists.c.o   -c /usr/local/share/cmake-3.9/Modules/CheckFunctionExists.c
<command-line>:0:23: warning: conflicting types for built-in function ‘malloc’
/usr/local/share/cmake-3.9/Modules/CheckFunctionExists.c:7:3: note: in expansion of macro ‘CHECK_FUNCTION_EXISTS’
   CHECK_FUNCTION_EXISTS(void);
   ^
Linking C executable cmTC_b003e
/usr/local/bin/cmake -E cmake_link_script CMakeFiles/cmTC_b003e.dir/link.txt --verbose=1
/usr/bin/cc  -DCHECK_FUNCTION_EXISTS=malloc    CMakeFiles/cmTC_b003e.dir/CheckFunctionExists.c.o  -o cmTC_b003e -ltcmalloc 
/usr/bin/ld: 找不到 -ltcmalloc
collect2: error: ld returned 1 exit status
CMakeFiles/cmTC_b003e.dir/build.make:97: recipe for target 'cmTC_b003e' failed
make[1]: *** [cmTC_b003e] Error 1
make[1]: Leaving directory '/home/meggie/文档/uppernvm/build/CMakeFiles/CMakeTmp'
Makefile:126: recipe for target 'cmTC_b003e/fast' failed
make: *** [cmTC_b003e/fast] Error 2


Determining if the F_FULLFSYNC exist failed with the following output:
Change Dir: /home/meggie/文档/uppernvm/build/CMakeFiles/CMakeTmp

Run Build Command:"/usr/bin/make" "cmTC_c005c/fast"
/usr/bin/make -f CMakeFiles/cmTC_c005c.dir/build.make CMakeFiles/cmTC_c005c.dir/build
make[1]: Entering directory '/home/meggie/文档/uppernvm/build/CMakeFiles/CMakeTmp'
Building CXX object CMakeFiles/cmTC_c005c.dir/CheckSymbolExists.cxx.o
/usr/bin/c++    -std=c++11 -o CMakeFiles/cmTC_c005c.dir/CheckSymbolExists.cxx.o -c /home/meggie/文档/uppernvm/build/CMakeFiles/CMakeTmp/CheckSymbolExists.cxx
/home/meggie/文档/uppernvm/build/CMakeFiles/CMakeTmp/CheckSymbolExists.cxx: In function ‘int main(int, char**)’:
/home/meggie/文档/uppernvm/build/CMakeFiles/CMakeTmp/CheckSymbolExists.cxx:8:19: error: ‘F_FULLFSYNC’ was not declared in this scope
   return ((int*)(&F_FULLFSYNC))[argc];
                   ^
CMakeFiles/cmTC_c005c.dir/build.make:65: recipe for target 'CMakeFiles/cmTC_c005c.dir/CheckSymbolExists.cxx.o' failed
make[1]: *** [CMakeFiles/cmTC_c005c.dir/CheckSymbolExists.cxx.o] Error 1
make[1]: Leaving directory '/home/meggie/文档/uppernvm/build/CMakeFiles/CMakeTmp'
Makefile:126: recipe for target 'cmTC_c005c/fast' failed
make: *** [cmTC_c005c/fast] Error 2

File /home/meggie/文档/uppernvm/build/CMakeFiles/CMakeTmp/CheckSymbolExists.cxx:
/* */
#include <fcntl.h>

int main(int argc, char** argv)
{
  (void)argv;
#ifndef F_FULLFSYNC
  return ((int*)(&F_FULLFSYNC))[argc];
#else
  (void)argc;
  return 0;
#endif
}

Performing C++ SOURCE FILE Test HAVE_CLANG_THREAD_SAFETY failed with the following output:
Change Dir: /home/meggie/文档/uppernvm/build/CMakeFiles/CMakeTmp

Run Build Command:"/usr/bin/make" "cmTC_797a7/fast"
/usr/bin/make -f CMakeFiles/cmTC_797a7.dir/build.make CMakeFiles/cmTC_797a7.dir/build
make[1]: Entering directory '/home/meggie/文档/uppernvm/build/CMakeFiles/CMakeTmp'
Building CXX object CMakeFiles/cmTC_797a7.dir/src.cxx.o
/usr/bin/c++    -DHAVE_CLANG_THREAD_SAFETY -Werror   -std=c++11 -o CMakeFiles/cmTC_797a7.dir/src.cxx.o -c /home/meggie/文档/uppernvm/build/CMakeFiles/CMakeTmp/src.cxx
/home/meggie/文档/uppernvm/build/CMakeFiles/CMakeTmp/src.cxx:2:34: error: ‘lockable’ attribute directive ignored [-Werror=attributes]
 struct __attribute__((lockable)) Lock {
                                  ^
/home/meggie/文档/uppernvm/build/CMakeFiles/CMakeTmp/src.cxx:3:59: error: ‘exclusive_lock_function’ attribute directive ignored [-Werror=attributes]
   void Acquire() __attribute__((exclusive_lock_function()));
                                                           ^
/home/meggie/文档/uppernvm/build/CMakeFiles/CMakeTmp/src.cxx:4:51: error: ‘unlock_function’ attribute directive ignored [-Werror=attributes]
   void Release() __attribute__((unlock_function()));
                                                   ^
/home/meggie/文档/uppernvm/build/CMakeFiles/CMakeTmp/src.cxx:8:46: error: ‘guarded_by’ attribute directive ignored [-Werror=attributes]
   int data_ __attribute__((guarded_by(lock_)));
                                              ^
cc1plus: all warnings being treated as errors
CMakeFiles/cmTC_797a7.dir/build.make:65: recipe for target 'CMakeFiles/cmTC_797a7.dir/src.cxx.o' failed
make[1]: *** [CMakeFiles/cmTC_797a7.dir/src.cxx.o] Error 1
make[1]: Leaving directory '/home/meggie/文档/uppernvm/build/CMakeFiles/CMakeTmp'
Makefile:126: recipe for target 'cmTC_797a7/fast' failed
make: *** [cmTC_797a7/fast] Error 2

Source file was:

struct __attribute__((lockable)) Lock {
  void Acquire() __attribute__((exclusive_lock_function()));
  void Release() __attribute__((unlock_function()));
};
struct ThreadSafeType {
  Lock lock_;
  int data_ __attribute__((guarded_by(lock_)));
};
int main() { return 0; }

Determining if the pthread_create exist failed with the following output:
Change Dir: /home/meggie/文档/uppernvm/build/CMakeFiles/CMakeTmp

Run Build Command:"/usr/bin/make" "cmTC_77555/fast"
/usr/bin/make -f CMakeFiles/cmTC_77555.dir/build.make CMakeFiles/cmTC_77555.dir/build
make[1]: Entering directory '/home/meggie/文档/uppernvm/build/CMakeFiles/CMakeTmp'
Building C object CMakeFiles/cmTC_77555.dir/CheckSymbolExists.c.o
/usr/bin/cc   -std=c11 -o CMakeFiles/cmTC_77555.dir/CheckSymbolExists.c.o   -c /home/meggie/文档/uppernvm/build/CMakeFiles/CMakeTmp/CheckSymbolExists.c
Linking C executable cmTC_77555
/usr/local/bin/cmake -E cmake_link_script CMakeFiles/cmTC_77555.dir/link.txt --verbose=1
/usr/bin/cc      CMakeFiles/cmTC_77555.dir/CheckSymbolExists.c.o  -o cmTC_77555 
CMakeFiles/cmTC_77555.dir/CheckSymbolExists.c.o：在函数‘main’中：
CheckSymbolExists.c:(.text+0x16)：对‘pthread_create’未定义的引用
collect2: error: ld returned 1 exit status
CMakeFiles/cmTC_77555.dir/build.make:97: recipe for target 'cmTC_77555' failed
make[1]: *** [cmTC_77555] Error 1
make[1]: Leaving directory '/home/meggie/文档/uppernvm/build/CMakeFiles/CMakeTmp'
Makefile:126: recipe for target 'cmTC_77555/fast' failed
make: *** [cmTC_77555/fast] Error 2

File /home/meggie/文档/uppernvm/build/CMakeFiles/CMakeTmp/CheckSymbolExists.c:
/* */
#include <pthread.h>

int main(int argc, char** argv)
{
  (void)argv;
#ifndef pthread_create
  return ((int*)(&pthread_create))[argc];
#else
  (void)argc;
  return 0;
#endif
}

Determining if the function pthread_create exists in the pthreads failed with the following output:
Change Dir: /home/meggie/文档/uppernvm/build/CMakeFiles/CMakeTmp

Run Build Command:"/usr/bin/make" "cmTC_5d44d/fast"
/usr/bin/make -f CMakeFiles/cmTC_5d44d.dir/build.make CMakeFiles/cmTC_5d44d.dir/build
make[1]: Entering directory '/home/meggie/文档/uppernvm/build/CMakeFiles/CMakeTmp'
Building C object CMakeFiles/cmTC_5d44d.dir/CheckFunctionExists.c.o
/usr/bin/cc   -DCHECK_FUNCTION_EXISTS=pthread_create   -std=c11 -o CMakeFiles/cmTC_5d44d.dir/CheckFunctionExists.c.o   -c /usr/local/share/cmake-3.9/Modules/CheckFunctionExists.c
Linking C executable cmTC_5d44d
/usr/local/bin/cmake -E cmake_link_script CMakeFiles/cmTC_5d44d.dir/link.txt --verbose=1
/usr/bin/cc  -DCHECK_FUNCTION_EXISTS=pthread_create    CMakeFiles/cmTC_5d44d.dir/CheckFunctionExists.c.o  -o cmTC_5d44d -lpthreads 
/usr/bin/ld: 找不到 -lpthreads
collect2: error: ld returned 1 exit status
CMakeFiles/cmTC_5d44d.dir/build.make:97: recipe for target 'cmTC_5d44d' failed
make[1]: *** [cmTC_5d44d] Error 1
make[1]: Leaving directory '/home/meggie/文档/uppernvm/build/CMakeFiles/CMakeTmp'
Makefile:126: recipe for target 'cmTC_5d44d/fast' failed
make: *** [cmTC_5d44d/fast] Error 2


Determining if the function sqlite3_open exists in the sqlite3 failed with the following output:
Change Dir: /home/meggie/文档/uppernvm/build/CMakeFiles/CMakeTmp

Run Build Command:"/usr/bin/make" "cmTC_29eae/fast"
/usr/bin/make -f CMakeFiles/cmTC_29eae.dir/build.make CMakeFiles/cmTC_29eae.dir/build
make[1]: Entering directory '/home/meggie/文档/uppernvm/build/CMakeFiles/CMakeTmp'
Building C object CMakeFiles/cmTC_29eae.dir/CheckFunctionExists.c.o
/usr/bin/cc   -DCHECK_FUNCTION_EXISTS=sqlite3_open   -std=c11 -o CMakeFiles/cmTC_29eae.dir/CheckFunctionExists.c.o   -c /usr/local/share/cmake-3.9/Modules/CheckFunctionExists.c
Linking C executable cmTC_29eae
/usr/local/bin/cmake -E cmake_link_script CMakeFiles/cmTC_29eae.dir/link.txt --verbose=1
/usr/bin/cc  -DCHECK_FUNCTION_EXISTS=sqlite3_open    CMakeFiles/cmTC_29eae.dir/CheckFunctionExists.c.o  -o cmTC_29eae -lsqlite3 
/usr/bin/ld: 找不到 -lsqlite3
collect2: error: ld returned 1 exit status
CMakeFiles/cmTC_29eae.dir/build.make:97: recipe for target 'cmTC_29eae' failed
make[1]: *** [cmTC_29eae] Error 1
make[1]: Leaving directory '/home/meggie/文档/uppernvm/build/CMakeFiles/CMakeTmp'
Makefile:126: recipe for target 'cmTC_29eae/fast' failed
make: *** [cmTC_29eae/fast] Error 2


Performing C++ SOURCE FILE Test HAVE_KYOTOCABINET failed with the following output:
Change Dir: /home/meggie/文档/uppernvm/build/CMakeFiles/CMakeTmp

Run Build Command:"/usr/bin/make" "cmTC_f9f94/fast"
/usr/bin/make -f CMakeFiles/cmTC_f9f94.dir/build.make CMakeFiles/cmTC_f9f94.dir/build
make[1]: Entering directory '/home/meggie/文档/uppernvm/build/CMakeFiles/CMakeTmp'
Building CXX object CMakeFiles/cmTC_f9f94.dir/src.cxx.o
/usr/bin/c++    -DHAVE_KYOTOCABINET   -std=c++11 -o CMakeFiles/cmTC_f9f94.dir/src.cxx.o -c /home/meggie/文档/uppernvm/build/CMakeFiles/CMakeTmp/src.cxx
/home/meggie/文档/uppernvm/build/CMakeFiles/CMakeTmp/src.cxx:2:22: fatal error: kcpolydb.h: 没有那个文件或目录
compilation terminated.
CMakeFiles/cmTC_f9f94.dir/build.make:65: recipe for target 'CMakeFiles/cmTC_f9f94.dir/src.cxx.o' failed
make[1]: *** [CMakeFiles/cmTC_f9f94.dir/src.cxx.o] Error 1
make[1]: Leaving directory '/home/meggie/文档/uppernvm/build/CMakeFiles/CMakeTmp'
Makefile:126: recipe for target 'cmTC_f9f94/fast' failed
make: *** [cmTC_f9f94/fast] Error 2

Source file was:

#include <kcpolydb.h>

int main() {
  kyotocabinet::TreeDB* db = new kyotocabinet::TreeDB();
  delete db;
  return 0;
}
  
